---------- Date: 2015-12-16 15:00:53 ~ IP : ::1 ----------
REQUEST URI : /eshop/index.php?route=checkout/checkout
VQMod::_getMods - NO XML FILES READABLE IN XML FOLDER
----------------------------------------------------------------------


---------- Date: 2015-12-16 15:00:53 ~ IP : ::1 ----------
REQUEST URI : /eshop/index.php?route=checkout/cart
VQMod::_getMods - NO XML FILES READABLE IN XML FOLDER
----------------------------------------------------------------------


---------- Date: 2015-12-16 15:00:53 ~ IP : ::1 ----------
REQUEST URI : /eshop/index.php?route=checkout/checkout
VQMod::_getMods - NO XML FILES READABLE IN XML FOLDER
----------------------------------------------------------------------


---------- Date: 2015-12-16 15:00:53 ~ IP : ::1 ----------
REQUEST URI : /eshop/index.php?route=checkout/cart
VQMod::_getMods - NO XML FILES READABLE IN XML FOLDER
----------------------------------------------------------------------


---------- Date: 2015-12-16 15:01:03 ~ IP : ::1 ----------
REQUEST URI : /eshop/admin/index.php?route=catalog/category&token=R4Q7fyHf0lgLv8PtC8mzbGxOPJqfpcZM&page=1
VQMod::_getMods - NO XML FILES READABLE IN XML FOLDER
----------------------------------------------------------------------


---------- Date: 2015-12-16 15:01:03 ~ IP : ::1 ----------
REQUEST URI : /eshop/admin/index.php?route=catalog/category&token=R4Q7fyHf0lgLv8PtC8mzbGxOPJqfpcZM&page=1
VQMod::_getMods - NO XML FILES READABLE IN XML FOLDER
----------------------------------------------------------------------


