---------- Date: 2015-10-23 14:32:04 ~ IP : ::1 ----------
REQUEST URI : /eshop/
VQMod::_getMods - NO XML FILES READABLE IN XML FOLDER
----------------------------------------------------------------------


---------- Date: 2015-10-23 14:32:52 ~ IP : ::1 ----------
REQUEST URI : /eshop/index.php?route=product/category&path=25_28
VQMod::_getMods - NO XML FILES READABLE IN XML FOLDER
----------------------------------------------------------------------


---------- Date: 2015-10-23 14:33:03 ~ IP : ::1 ----------
REQUEST URI : /eshop/admin/
VQMod::_getMods - NO XML FILES READABLE IN XML FOLDER
----------------------------------------------------------------------


---------- Date: 2015-10-23 14:33:10 ~ IP : ::1 ----------
REQUEST URI : /eshop/admin/index.php?route=common/login
VQMod::_getMods - NO XML FILES READABLE IN XML FOLDER
----------------------------------------------------------------------


---------- Date: 2015-10-23 14:33:11 ~ IP : ::1 ----------
REQUEST URI : /eshop/admin/index.php?route=common/dashboard&token=P3wYG2rjrc9Kxn1o7p3ldE3LGcbSO3yC
VQMod::_getMods - NO XML FILES READABLE IN XML FOLDER
----------------------------------------------------------------------


---------- Date: 2015-10-23 14:33:11 ~ IP : ::1 ----------
REQUEST URI : /eshop/admin/index.php?route=dashboard/chart/chart&token=P3wYG2rjrc9Kxn1o7p3ldE3LGcbSO3yC&range=month
VQMod::_getMods - NO XML FILES READABLE IN XML FOLDER
----------------------------------------------------------------------


---------- Date: 2015-10-23 14:33:11 ~ IP : ::1 ----------
REQUEST URI : /eshop/admin/index.php?route=dashboard/map/map&token=P3wYG2rjrc9Kxn1o7p3ldE3LGcbSO3yC
VQMod::_getMods - NO XML FILES READABLE IN XML FOLDER
----------------------------------------------------------------------


---------- Date: 2015-10-23 14:33:16 ~ IP : ::1 ----------
REQUEST URI : /eshop/admin/index.php?route=setting/store&token=P3wYG2rjrc9Kxn1o7p3ldE3LGcbSO3yC
VQMod::_getMods - NO XML FILES READABLE IN XML FOLDER
----------------------------------------------------------------------


---------- Date: 2015-10-23 14:33:18 ~ IP : ::1 ----------
REQUEST URI : /eshop/admin/index.php?route=setting/setting&token=P3wYG2rjrc9Kxn1o7p3ldE3LGcbSO3yC
VQMod::_getMods - NO XML FILES READABLE IN XML FOLDER
----------------------------------------------------------------------


---------- Date: 2015-10-23 14:33:18 ~ IP : ::1 ----------
REQUEST URI : /eshop/admin/index.php?route=localisation/country/country&token=P3wYG2rjrc9Kxn1o7p3ldE3LGcbSO3yC&country_id=129
VQMod::_getMods - NO XML FILES READABLE IN XML FOLDER
----------------------------------------------------------------------


---------- Date: 2015-10-23 14:33:18 ~ IP : ::1 ----------
REQUEST URI : /eshop/admin/index.php?route=setting/setting/template&token=P3wYG2rjrc9Kxn1o7p3ldE3LGcbSO3yC&template=default
VQMod::_getMods - NO XML FILES READABLE IN XML FOLDER
----------------------------------------------------------------------


---------- Date: 2015-10-23 14:33:43 ~ IP : ::1 ----------
REQUEST URI : /eshop/admin/index.php?route=setting/setting&token=P3wYG2rjrc9Kxn1o7p3ldE3LGcbSO3yC
VQMod::_getMods - NO XML FILES READABLE IN XML FOLDER
----------------------------------------------------------------------


---------- Date: 2015-10-23 14:33:43 ~ IP : ::1 ----------
REQUEST URI : /eshop/admin/index.php?route=setting/store&token=P3wYG2rjrc9Kxn1o7p3ldE3LGcbSO3yC
VQMod::_getMods - NO XML FILES READABLE IN XML FOLDER
----------------------------------------------------------------------


---------- Date: 2015-10-23 14:33:49 ~ IP : ::1 ----------
REQUEST URI : /eshop/admin/index.php?route=catalog/product&token=P3wYG2rjrc9Kxn1o7p3ldE3LGcbSO3yC&filter_quantity=0
VQMod::_getMods - NO XML FILES READABLE IN XML FOLDER
----------------------------------------------------------------------


---------- Date: 2015-10-23 14:33:52 ~ IP : ::1 ----------
REQUEST URI : /eshop/admin/index.php?route=common/logout&token=P3wYG2rjrc9Kxn1o7p3ldE3LGcbSO3yC
VQMod::_getMods - NO XML FILES READABLE IN XML FOLDER
----------------------------------------------------------------------


---------- Date: 2015-10-23 14:33:52 ~ IP : ::1 ----------
REQUEST URI : /eshop/admin/index.php?route=common/login
VQMod::_getMods - NO XML FILES READABLE IN XML FOLDER
----------------------------------------------------------------------


---------- Date: 2015-10-23 14:34:07 ~ IP : ::1 ----------
REQUEST URI : /eshop/index.php?route=product/category&path=25_30
VQMod::_getMods - NO XML FILES READABLE IN XML FOLDER
----------------------------------------------------------------------


---------- Date: 2015-10-23 14:34:15 ~ IP : ::1 ----------
REQUEST URI : /eshop/index.php?route=product/category&path=25_31
VQMod::_getMods - NO XML FILES READABLE IN XML FOLDER
----------------------------------------------------------------------


---------- Date: 2015-10-23 14:42:04 ~ IP : ::1 ----------
REQUEST URI : /eshop/index.php?route=common/home
VQMod::_getMods - NO XML FILES READABLE IN XML FOLDER
----------------------------------------------------------------------


---------- Date: 2015-10-23 14:43:28 ~ IP : ::1 ----------
REQUEST URI : /eshop/index.php?route=product/search&search=batman
VQMod::_getMods - NO XML FILES READABLE IN XML FOLDER
----------------------------------------------------------------------


---------- Date: 2015-10-23 14:43:40 ~ IP : ::1 ----------
REQUEST URI : /eshop/index.php?route=product/search&search=batman&category_id=27
VQMod::_getMods - NO XML FILES READABLE IN XML FOLDER
----------------------------------------------------------------------


---------- Date: 2015-10-23 14:43:45 ~ IP : ::1 ----------
REQUEST URI : /eshop/index.php?route=product/category&path=25_28
VQMod::_getMods - NO XML FILES READABLE IN XML FOLDER
----------------------------------------------------------------------


---------- Date: 2015-10-23 14:43:53 ~ IP : ::1 ----------
REQUEST URI : /eshop/index.php?route=product/category&path=25_28
VQMod::_getMods - NO XML FILES READABLE IN XML FOLDER
----------------------------------------------------------------------


---------- Date: 2015-10-23 14:43:59 ~ IP : ::1 ----------
REQUEST URI : /eshop/index.php?route=product/category&path=18
VQMod::_getMods - NO XML FILES READABLE IN XML FOLDER
----------------------------------------------------------------------


---------- Date: 2015-10-23 14:44:09 ~ IP : ::1 ----------
REQUEST URI : /eshop/index.php?route=information/contact
VQMod::_getMods - NO XML FILES READABLE IN XML FOLDER
----------------------------------------------------------------------


---------- Date: 2015-10-23 14:45:04 ~ IP : ::1 ----------
REQUEST URI : /eshop/index.php?route=information/contact
VQMod::_getMods - NO XML FILES READABLE IN XML FOLDER
----------------------------------------------------------------------


---------- Date: 2015-10-23 14:45:04 ~ IP : ::1 ----------
REQUEST URI : /eshop/index.php?route=information/contact/success
VQMod::_getMods - NO XML FILES READABLE IN XML FOLDER
----------------------------------------------------------------------


---------- Date: 2015-10-23 14:45:53 ~ IP : ::1 ----------
REQUEST URI : /eshop/index.php?route=common/home
VQMod::_getMods - NO XML FILES READABLE IN XML FOLDER
----------------------------------------------------------------------


---------- Date: 2015-10-23 14:47:35 ~ IP : ::1 ----------
REQUEST URI : /eshop/index.php?route=checkout/cart/add
VQMod::_getMods - NO XML FILES READABLE IN XML FOLDER
----------------------------------------------------------------------


---------- Date: 2015-10-23 14:47:35 ~ IP : ::1 ----------
REQUEST URI : /eshop/index.php?route=product/product&product_id=42
VQMod::_getMods - NO XML FILES READABLE IN XML FOLDER
----------------------------------------------------------------------


---------- Date: 2015-10-23 14:47:38 ~ IP : ::1 ----------
REQUEST URI : /eshop/index.php?route=product/product/review&product_id=42
VQMod::_getMods - NO XML FILES READABLE IN XML FOLDER
----------------------------------------------------------------------


---------- Date: 2015-10-23 14:48:06 ~ IP : ::1 ----------
REQUEST URI : /eshop/index.php?route=checkout/cart/add
VQMod::_getMods - NO XML FILES READABLE IN XML FOLDER
----------------------------------------------------------------------


---------- Date: 2015-10-23 14:48:26 ~ IP : ::1 ----------
REQUEST URI : /eshop/index.php?route=account/login
VQMod::_getMods - NO XML FILES READABLE IN XML FOLDER
----------------------------------------------------------------------


---------- Date: 2015-10-23 14:48:35 ~ IP : ::1 ----------
REQUEST URI : /eshop/index.php?route=account/login
VQMod::_getMods - NO XML FILES READABLE IN XML FOLDER
----------------------------------------------------------------------


---------- Date: 2015-10-23 14:48:36 ~ IP : ::1 ----------
REQUEST URI : /eshop/index.php?route=account/account
VQMod::_getMods - NO XML FILES READABLE IN XML FOLDER
----------------------------------------------------------------------


---------- Date: 2015-10-23 14:48:43 ~ IP : ::1 ----------
REQUEST URI : /eshop/index.php?route=product/category&path=25_29
VQMod::_getMods - NO XML FILES READABLE IN XML FOLDER
----------------------------------------------------------------------


---------- Date: 2015-10-23 14:48:47 ~ IP : ::1 ----------
REQUEST URI : /eshop/index.php?route=common/home
VQMod::_getMods - NO XML FILES READABLE IN XML FOLDER
----------------------------------------------------------------------


---------- Date: 2015-10-23 14:48:50 ~ IP : ::1 ----------
REQUEST URI : /eshop/index.php?route=checkout/cart/add
VQMod::_getMods - NO XML FILES READABLE IN XML FOLDER
----------------------------------------------------------------------


---------- Date: 2015-10-23 14:48:50 ~ IP : ::1 ----------
REQUEST URI : /eshop/index.php?route=product/product&product_id=42
VQMod::_getMods - NO XML FILES READABLE IN XML FOLDER
----------------------------------------------------------------------


---------- Date: 2015-10-23 14:48:50 ~ IP : ::1 ----------
REQUEST URI : /eshop/index.php?route=product/product/review&product_id=42
VQMod::_getMods - NO XML FILES READABLE IN XML FOLDER
----------------------------------------------------------------------


---------- Date: 2015-10-23 14:48:56 ~ IP : ::1 ----------
REQUEST URI : /eshop/index.php?route=checkout/cart
VQMod::_getMods - NO XML FILES READABLE IN XML FOLDER
----------------------------------------------------------------------


---------- Date: 2015-10-23 14:48:56 ~ IP : ::1 ----------
REQUEST URI : /eshop/index.php?route=total/shipping/country&country_id=129
VQMod::_getMods - NO XML FILES READABLE IN XML FOLDER
----------------------------------------------------------------------


---------- Date: 2015-10-23 14:48:59 ~ IP : ::1 ----------
REQUEST URI : /eshop/index.php?route=checkout/cart/remove
VQMod::_getMods - NO XML FILES READABLE IN XML FOLDER
----------------------------------------------------------------------


---------- Date: 2015-10-23 14:48:59 ~ IP : ::1 ----------
REQUEST URI : /eshop/index.php?route=checkout/cart
VQMod::_getMods - NO XML FILES READABLE IN XML FOLDER
----------------------------------------------------------------------


---------- Date: 2015-10-23 14:49:03 ~ IP : ::1 ----------
REQUEST URI : /eshop/index.php?route=common/home
VQMod::_getMods - NO XML FILES READABLE IN XML FOLDER
----------------------------------------------------------------------


---------- Date: 2015-10-23 14:49:07 ~ IP : ::1 ----------
REQUEST URI : /eshop/index.php?route=checkout/cart/add
VQMod::_getMods - NO XML FILES READABLE IN XML FOLDER
----------------------------------------------------------------------


---------- Date: 2015-10-23 14:49:07 ~ IP : ::1 ----------
REQUEST URI : /eshop/index.php?route=common/cart/info
VQMod::_getMods - NO XML FILES READABLE IN XML FOLDER
----------------------------------------------------------------------


---------- Date: 2015-10-23 14:49:16 ~ IP : ::1 ----------
REQUEST URI : /eshop/index.php?route=checkout/checkout
VQMod::_getMods - NO XML FILES READABLE IN XML FOLDER
----------------------------------------------------------------------


---------- Date: 2015-10-23 14:49:16 ~ IP : ::1 ----------
REQUEST URI : /eshop/index.php?route=checkout/payment_address
VQMod::_getMods - NO XML FILES READABLE IN XML FOLDER
----------------------------------------------------------------------


---------- Date: 2015-10-23 14:49:16 ~ IP : ::1 ----------
REQUEST URI : /eshop/index.php?route=checkout/checkout/country&country_id=129
VQMod::_getMods - NO XML FILES READABLE IN XML FOLDER
----------------------------------------------------------------------


---------- Date: 2015-10-23 14:49:19 ~ IP : ::1 ----------
REQUEST URI : /eshop/index.php?route=checkout/payment_address/save
VQMod::_getMods - NO XML FILES READABLE IN XML FOLDER
----------------------------------------------------------------------


---------- Date: 2015-10-23 14:49:19 ~ IP : ::1 ----------
REQUEST URI : /eshop/index.php?route=checkout/payment_method
VQMod::_getMods - NO XML FILES READABLE IN XML FOLDER
----------------------------------------------------------------------


---------- Date: 2015-10-23 14:49:19 ~ IP : ::1 ----------
REQUEST URI : /eshop/index.php?route=checkout/payment_address
VQMod::_getMods - NO XML FILES READABLE IN XML FOLDER
----------------------------------------------------------------------


---------- Date: 2015-10-23 14:49:20 ~ IP : ::1 ----------
REQUEST URI : /eshop/index.php?route=checkout/checkout/country&country_id=129
VQMod::_getMods - NO XML FILES READABLE IN XML FOLDER
----------------------------------------------------------------------


---------- Date: 2015-10-23 14:49:24 ~ IP : ::1 ----------
REQUEST URI : /eshop/index.php?route=checkout/payment_method/save
VQMod::_getMods - NO XML FILES READABLE IN XML FOLDER
----------------------------------------------------------------------


---------- Date: 2015-10-23 14:49:38 ~ IP : ::1 ----------
REQUEST URI : /eshop/index.php?route=checkout/checkout
VQMod::_getMods - NO XML FILES READABLE IN XML FOLDER
----------------------------------------------------------------------


---------- Date: 2015-10-23 14:49:39 ~ IP : ::1 ----------
REQUEST URI : /eshop/index.php?route=checkout/payment_address
VQMod::_getMods - NO XML FILES READABLE IN XML FOLDER
----------------------------------------------------------------------


---------- Date: 2015-10-23 14:49:39 ~ IP : ::1 ----------
REQUEST URI : /eshop/index.php?route=checkout/checkout/country&country_id=129
VQMod::_getMods - NO XML FILES READABLE IN XML FOLDER
----------------------------------------------------------------------


---------- Date: 2015-10-23 14:49:43 ~ IP : ::1 ----------
REQUEST URI : /eshop/index.php?route=checkout/payment_address/save
VQMod::_getMods - NO XML FILES READABLE IN XML FOLDER
----------------------------------------------------------------------


---------- Date: 2015-10-23 14:49:43 ~ IP : ::1 ----------
REQUEST URI : /eshop/index.php?route=checkout/payment_method
VQMod::_getMods - NO XML FILES READABLE IN XML FOLDER
----------------------------------------------------------------------


---------- Date: 2015-10-23 14:49:43 ~ IP : ::1 ----------
REQUEST URI : /eshop/index.php?route=checkout/payment_address
VQMod::_getMods - NO XML FILES READABLE IN XML FOLDER
----------------------------------------------------------------------


---------- Date: 2015-10-23 14:49:43 ~ IP : ::1 ----------
REQUEST URI : /eshop/index.php?route=checkout/checkout/country&country_id=129
VQMod::_getMods - NO XML FILES READABLE IN XML FOLDER
----------------------------------------------------------------------


---------- Date: 2015-10-23 14:49:45 ~ IP : ::1 ----------
REQUEST URI : /eshop/index.php?route=checkout/payment_method/save
VQMod::_getMods - NO XML FILES READABLE IN XML FOLDER
----------------------------------------------------------------------


---------- Date: 2015-10-23 14:49:45 ~ IP : ::1 ----------
REQUEST URI : /eshop/index.php?route=checkout/confirm
VQMod::_getMods - NO XML FILES READABLE IN XML FOLDER
----------------------------------------------------------------------


---------- Date: 2015-10-23 14:50:08 ~ IP : ::1 ----------
REQUEST URI : /eshop/index.php?route=payment/bank_transfer/confirm&_=1445604578836
VQMod::_getMods - NO XML FILES READABLE IN XML FOLDER
----------------------------------------------------------------------


---------- Date: 2015-10-23 14:50:09 ~ IP : ::1 ----------
REQUEST URI : /eshop/index.php?route=checkout/success
VQMod::_getMods - NO XML FILES READABLE IN XML FOLDER
----------------------------------------------------------------------


---------- Date: 2015-10-23 14:50:15 ~ IP : ::1 ----------
REQUEST URI : /eshop/index.php?route=information/contact
VQMod::_getMods - NO XML FILES READABLE IN XML FOLDER
----------------------------------------------------------------------


---------- Date: 2015-10-23 14:50:31 ~ IP : ::1 ----------
REQUEST URI : /eshop/admin/index.php?route=common/login
VQMod::_getMods - NO XML FILES READABLE IN XML FOLDER
----------------------------------------------------------------------


---------- Date: 2015-10-23 14:50:31 ~ IP : ::1 ----------
REQUEST URI : /eshop/admin/index.php?route=common/login&token=k0pK3rMcSMeBFeKntfn9qLehrFsDc3RV
VQMod::_getMods - NO XML FILES READABLE IN XML FOLDER
----------------------------------------------------------------------


---------- Date: 2015-10-23 14:50:33 ~ IP : ::1 ----------
REQUEST URI : /eshop/admin/index.php?route=common/dashboard&token=k0pK3rMcSMeBFeKntfn9qLehrFsDc3RV
VQMod::_getMods - NO XML FILES READABLE IN XML FOLDER
----------------------------------------------------------------------


---------- Date: 2015-10-23 14:50:33 ~ IP : ::1 ----------
REQUEST URI : /eshop/admin/index.php?route=dashboard/chart/chart&token=k0pK3rMcSMeBFeKntfn9qLehrFsDc3RV&range=month
VQMod::_getMods - NO XML FILES READABLE IN XML FOLDER
----------------------------------------------------------------------


---------- Date: 2015-10-23 14:50:33 ~ IP : ::1 ----------
REQUEST URI : /eshop/admin/index.php?route=dashboard/map/map&token=k0pK3rMcSMeBFeKntfn9qLehrFsDc3RV
VQMod::_getMods - NO XML FILES READABLE IN XML FOLDER
----------------------------------------------------------------------


---------- Date: 2015-10-23 14:50:43 ~ IP : ::1 ----------
REQUEST URI : /eshop/admin/index.php?route=sale/order&token=k0pK3rMcSMeBFeKntfn9qLehrFsDc3RV
VQMod::_getMods - NO XML FILES READABLE IN XML FOLDER
----------------------------------------------------------------------


---------- Date: 2015-10-23 14:50:43 ~ IP : ::1 ----------
REQUEST URI : /eshop/index.php?route=api/login
VQMod::_getMods - NO XML FILES READABLE IN XML FOLDER
----------------------------------------------------------------------


---------- Date: 2015-10-23 14:50:54 ~ IP : ::1 ----------
REQUEST URI : /eshop/admin/index.php?route=sale/order/info&token=k0pK3rMcSMeBFeKntfn9qLehrFsDc3RV&order_id=11
VQMod::_getMods - NO XML FILES READABLE IN XML FOLDER
----------------------------------------------------------------------


---------- Date: 2015-10-23 14:50:54 ~ IP : ::1 ----------
REQUEST URI : /eshop/index.php?route=api/login
VQMod::_getMods - NO XML FILES READABLE IN XML FOLDER
----------------------------------------------------------------------


---------- Date: 2015-10-23 14:50:54 ~ IP : ::1 ----------
REQUEST URI : /eshop/admin/index.php?route=sale/order/history&token=k0pK3rMcSMeBFeKntfn9qLehrFsDc3RV&order_id=11
VQMod::_getMods - NO XML FILES READABLE IN XML FOLDER
----------------------------------------------------------------------


---------- Date: 2015-10-23 14:50:54 ~ IP : ::1 ----------
REQUEST URI : /eshop/admin/index.php?route=extension/openbay/getorderinfo&token=k0pK3rMcSMeBFeKntfn9qLehrFsDc3RV&order_id=11&status_id=1
VQMod::_getMods - NO XML FILES READABLE IN XML FOLDER
----------------------------------------------------------------------


---------- Date: 2015-10-23 14:51:32 ~ IP : ::1 ----------
REQUEST URI : /eshop/admin/index.php?route=common/dashboard&token=k0pK3rMcSMeBFeKntfn9qLehrFsDc3RV
VQMod::_getMods - NO XML FILES READABLE IN XML FOLDER
----------------------------------------------------------------------


---------- Date: 2015-10-23 14:51:33 ~ IP : ::1 ----------
REQUEST URI : /eshop/admin/index.php?route=common/dashboard&token=k0pK3rMcSMeBFeKntfn9qLehrFsDc3RV
VQMod::_getMods - NO XML FILES READABLE IN XML FOLDER
----------------------------------------------------------------------


---------- Date: 2015-10-23 14:51:33 ~ IP : ::1 ----------
REQUEST URI : /eshop/admin/index.php?route=dashboard/chart/chart&token=k0pK3rMcSMeBFeKntfn9qLehrFsDc3RV&range=month
VQMod::_getMods - NO XML FILES READABLE IN XML FOLDER
----------------------------------------------------------------------


---------- Date: 2015-10-23 14:51:33 ~ IP : ::1 ----------
REQUEST URI : /eshop/admin/index.php?route=dashboard/map/map&token=k0pK3rMcSMeBFeKntfn9qLehrFsDc3RV
VQMod::_getMods - NO XML FILES READABLE IN XML FOLDER
----------------------------------------------------------------------


---------- Date: 2015-10-23 14:52:13 ~ IP : ::1 ----------
REQUEST URI : /eshop/admin/index.php?route=sale/order&token=k0pK3rMcSMeBFeKntfn9qLehrFsDc3RV
VQMod::_getMods - NO XML FILES READABLE IN XML FOLDER
----------------------------------------------------------------------


---------- Date: 2015-10-23 14:52:13 ~ IP : ::1 ----------
REQUEST URI : /eshop/index.php?route=api/login
VQMod::_getMods - NO XML FILES READABLE IN XML FOLDER
----------------------------------------------------------------------


---------- Date: 2015-10-23 14:52:20 ~ IP : ::1 ----------
REQUEST URI : /eshop/index.php?route=api/order/delete&token=Hn8RhElz7HV1f7qDphpERlFrN3JQCpIO&order_id=11
VQMod::_getMods - NO XML FILES READABLE IN XML FOLDER
----------------------------------------------------------------------


---------- Date: 2015-10-23 14:52:23 ~ IP : ::1 ----------
REQUEST URI : /eshop/admin/index.php?route=common/dashboard&token=k0pK3rMcSMeBFeKntfn9qLehrFsDc3RV
VQMod::_getMods - NO XML FILES READABLE IN XML FOLDER
----------------------------------------------------------------------


---------- Date: 2015-10-23 14:52:23 ~ IP : ::1 ----------
REQUEST URI : /eshop/admin/index.php?route=dashboard/chart/chart&token=k0pK3rMcSMeBFeKntfn9qLehrFsDc3RV&range=month
VQMod::_getMods - NO XML FILES READABLE IN XML FOLDER
----------------------------------------------------------------------


---------- Date: 2015-10-23 14:52:23 ~ IP : ::1 ----------
REQUEST URI : /eshop/admin/index.php?route=dashboard/map/map&token=k0pK3rMcSMeBFeKntfn9qLehrFsDc3RV
VQMod::_getMods - NO XML FILES READABLE IN XML FOLDER
----------------------------------------------------------------------


---------- Date: 2015-10-23 14:52:27 ~ IP : ::1 ----------
REQUEST URI : /eshop/admin/index.php?route=sale/order&token=k0pK3rMcSMeBFeKntfn9qLehrFsDc3RV
VQMod::_getMods - NO XML FILES READABLE IN XML FOLDER
----------------------------------------------------------------------


---------- Date: 2015-10-23 14:52:27 ~ IP : ::1 ----------
REQUEST URI : /eshop/index.php?route=api/login
VQMod::_getMods - NO XML FILES READABLE IN XML FOLDER
----------------------------------------------------------------------


---------- Date: 2015-10-23 14:52:37 ~ IP : ::1 ----------
REQUEST URI : /eshop/admin/index.php?route=sale/order&token=k0pK3rMcSMeBFeKntfn9qLehrFsDc3RV&filter_date_added=2015-10-01&filter_date_modified=2015-10-23
VQMod::_getMods - NO XML FILES READABLE IN XML FOLDER
----------------------------------------------------------------------


---------- Date: 2015-10-23 14:52:37 ~ IP : ::1 ----------
REQUEST URI : /eshop/index.php?route=api/login
VQMod::_getMods - NO XML FILES READABLE IN XML FOLDER
----------------------------------------------------------------------


---------- Date: 2015-10-23 14:52:46 ~ IP : ::1 ----------
REQUEST URI : /eshop/admin/index.php?route=user/user&token=k0pK3rMcSMeBFeKntfn9qLehrFsDc3RV
VQMod::_getMods - NO XML FILES READABLE IN XML FOLDER
----------------------------------------------------------------------


---------- Date: 2015-10-23 15:02:52 ~ IP : ::1 ----------
REQUEST URI : /eshop/
VQMod::_getMods - NO XML FILES READABLE IN XML FOLDER
----------------------------------------------------------------------


---------- Date: 2015-10-23 15:02:53 ~ IP : ::1 ----------
REQUEST URI : /eshop/
VQMod::_getMods - NO XML FILES READABLE IN XML FOLDER
----------------------------------------------------------------------


---------- Date: 2015-10-23 15:03:22 ~ IP : ::1 ----------
REQUEST URI : /eshop/admin/index.php?route=design/banner&token=k0pK3rMcSMeBFeKntfn9qLehrFsDc3RV
VQMod::_getMods - NO XML FILES READABLE IN XML FOLDER
----------------------------------------------------------------------


---------- Date: 2015-10-23 15:03:24 ~ IP : ::1 ----------
REQUEST URI : /eshop/admin/index.php?route=design/layout&token=k0pK3rMcSMeBFeKntfn9qLehrFsDc3RV
VQMod::_getMods - NO XML FILES READABLE IN XML FOLDER
----------------------------------------------------------------------


---------- Date: 2015-10-23 15:03:31 ~ IP : ::1 ----------
REQUEST URI : /eshop/admin/index.php?route=design/layout/edit&token=k0pK3rMcSMeBFeKntfn9qLehrFsDc3RV&layout_id=1
VQMod::_getMods - NO XML FILES READABLE IN XML FOLDER
----------------------------------------------------------------------


---------- Date: 2015-10-23 15:03:41 ~ IP : ::1 ----------
REQUEST URI : /eshop/admin/index.php?route=design/banner&token=k0pK3rMcSMeBFeKntfn9qLehrFsDc3RV
VQMod::_getMods - NO XML FILES READABLE IN XML FOLDER
----------------------------------------------------------------------


---------- Date: 2015-10-23 15:03:45 ~ IP : ::1 ----------
REQUEST URI : /eshop/admin/index.php?route=design/banner/edit&token=k0pK3rMcSMeBFeKntfn9qLehrFsDc3RV&banner_id=8
VQMod::_getMods - NO XML FILES READABLE IN XML FOLDER
----------------------------------------------------------------------


---------- Date: 2015-10-23 15:04:12 ~ IP : ::1 ----------
REQUEST URI : /eshop/admin/index.php?route=design/banner&token=k0pK3rMcSMeBFeKntfn9qLehrFsDc3RV
VQMod::_getMods - NO XML FILES READABLE IN XML FOLDER
----------------------------------------------------------------------


---------- Date: 2015-10-23 15:04:14 ~ IP : ::1 ----------
REQUEST URI : /eshop/admin/index.php?route=design/banner/add&token=k0pK3rMcSMeBFeKntfn9qLehrFsDc3RV
VQMod::_getMods - NO XML FILES READABLE IN XML FOLDER
----------------------------------------------------------------------


---------- Date: 2015-10-23 15:04:54 ~ IP : ::1 ----------
REQUEST URI : /eshop/admin/index.php?route=design/banner/add&token=k0pK3rMcSMeBFeKntfn9qLehrFsDc3RV
VQMod::_getMods - NO XML FILES READABLE IN XML FOLDER
----------------------------------------------------------------------


---------- Date: 2015-10-23 15:04:58 ~ IP : ::1 ----------
REQUEST URI : /eshop/admin/index.php?route=design/banner/add&token=k0pK3rMcSMeBFeKntfn9qLehrFsDc3RV
VQMod::_getMods - NO XML FILES READABLE IN XML FOLDER
----------------------------------------------------------------------


---------- Date: 2015-10-23 15:05:02 ~ IP : ::1 ----------
REQUEST URI : /eshop/admin/index.php?route=design/banner&token=k0pK3rMcSMeBFeKntfn9qLehrFsDc3RV
VQMod::_getMods - NO XML FILES READABLE IN XML FOLDER
----------------------------------------------------------------------


---------- Date: 2015-10-23 15:05:05 ~ IP : ::1 ----------
REQUEST URI : /eshop/admin/index.php?route=design/banner/edit&token=k0pK3rMcSMeBFeKntfn9qLehrFsDc3RV&banner_id=9
VQMod::_getMods - NO XML FILES READABLE IN XML FOLDER
----------------------------------------------------------------------


---------- Date: 2015-10-23 15:06:45 ~ IP : ::1 ----------
REQUEST URI : /eshop/admin/index.php?route=common/filemanager&token=k0pK3rMcSMeBFeKntfn9qLehrFsDc3RV&target=input-image0&thumb=thumb-image0
VQMod::_getMods - NO XML FILES READABLE IN XML FOLDER
----------------------------------------------------------------------


---------- Date: 2015-10-23 15:06:57 ~ IP : ::1 ----------
REQUEST URI : /eshop/admin/index.php?route=common/filemanager/upload&token=k0pK3rMcSMeBFeKntfn9qLehrFsDc3RV&directory=
VQMod::_getMods - NO XML FILES READABLE IN XML FOLDER
----------------------------------------------------------------------


---------- Date: 2015-10-23 15:06:58 ~ IP : ::1 ----------
REQUEST URI : /eshop/admin/index.php?route=common/filemanager&token=k0pK3rMcSMeBFeKntfn9qLehrFsDc3RV&target=input-image0&thumb=thumb-image0
VQMod::_getMods - NO XML FILES READABLE IN XML FOLDER
----------------------------------------------------------------------


---------- Date: 2015-10-23 15:07:05 ~ IP : ::1 ----------
REQUEST URI : /eshop/admin/index.php?route=common/filemanager&token=k0pK3rMcSMeBFeKntfn9qLehrFsDc3RV&target=input-image0&thumb=thumb-image0&page=2
VQMod::_getMods - NO XML FILES READABLE IN XML FOLDER
----------------------------------------------------------------------


---------- Date: 2015-10-23 15:07:12 ~ IP : ::1 ----------
REQUEST URI : /eshop/admin/index.php?route=common/filemanager&token=k0pK3rMcSMeBFeKntfn9qLehrFsDc3RV&target=input-image1&thumb=thumb-image1
VQMod::_getMods - NO XML FILES READABLE IN XML FOLDER
----------------------------------------------------------------------


---------- Date: 2015-10-23 15:07:19 ~ IP : ::1 ----------
REQUEST URI : /eshop/admin/index.php?route=common/filemanager/upload&token=k0pK3rMcSMeBFeKntfn9qLehrFsDc3RV&directory=
VQMod::_getMods - NO XML FILES READABLE IN XML FOLDER
----------------------------------------------------------------------


---------- Date: 2015-10-23 15:07:21 ~ IP : ::1 ----------
REQUEST URI : /eshop/admin/index.php?route=common/filemanager&token=k0pK3rMcSMeBFeKntfn9qLehrFsDc3RV&target=input-image1&thumb=thumb-image1
VQMod::_getMods - NO XML FILES READABLE IN XML FOLDER
----------------------------------------------------------------------


---------- Date: 2015-10-23 15:07:24 ~ IP : ::1 ----------
REQUEST URI : /eshop/admin/index.php?route=common/filemanager&token=k0pK3rMcSMeBFeKntfn9qLehrFsDc3RV&target=input-image1&thumb=thumb-image1&page=2
VQMod::_getMods - NO XML FILES READABLE IN XML FOLDER
----------------------------------------------------------------------


---------- Date: 2015-10-23 15:07:31 ~ IP : ::1 ----------
REQUEST URI : /eshop/admin/index.php?route=design/banner/edit&token=k0pK3rMcSMeBFeKntfn9qLehrFsDc3RV&banner_id=9
VQMod::_getMods - NO XML FILES READABLE IN XML FOLDER
----------------------------------------------------------------------


---------- Date: 2015-10-23 15:07:31 ~ IP : ::1 ----------
REQUEST URI : /eshop/admin/index.php?route=design/banner&token=k0pK3rMcSMeBFeKntfn9qLehrFsDc3RV
VQMod::_getMods - NO XML FILES READABLE IN XML FOLDER
----------------------------------------------------------------------


---------- Date: 2015-10-23 15:07:34 ~ IP : ::1 ----------
REQUEST URI : /eshop/admin/index.php?route=design/layout&token=k0pK3rMcSMeBFeKntfn9qLehrFsDc3RV
VQMod::_getMods - NO XML FILES READABLE IN XML FOLDER
----------------------------------------------------------------------


---------- Date: 2015-10-23 15:07:39 ~ IP : ::1 ----------
REQUEST URI : /eshop/admin/index.php?route=design/layout/edit&token=k0pK3rMcSMeBFeKntfn9qLehrFsDc3RV&layout_id=1
VQMod::_getMods - NO XML FILES READABLE IN XML FOLDER
----------------------------------------------------------------------


---------- Date: 2015-10-23 15:08:19 ~ IP : ::1 ----------
REQUEST URI : /eshop/admin/index.php?route=design/banner&token=k0pK3rMcSMeBFeKntfn9qLehrFsDc3RV
VQMod::_getMods - NO XML FILES READABLE IN XML FOLDER
----------------------------------------------------------------------


---------- Date: 2015-10-23 15:08:26 ~ IP : ::1 ----------
REQUEST URI : /eshop/admin/index.php?route=design/layout&token=k0pK3rMcSMeBFeKntfn9qLehrFsDc3RV
VQMod::_getMods - NO XML FILES READABLE IN XML FOLDER
----------------------------------------------------------------------


---------- Date: 2015-10-23 15:08:37 ~ IP : ::1 ----------
REQUEST URI : /eshop/admin/index.php?route=design/layout/edit&token=k0pK3rMcSMeBFeKntfn9qLehrFsDc3RV&layout_id=1
VQMod::_getMods - NO XML FILES READABLE IN XML FOLDER
----------------------------------------------------------------------


---------- Date: 2015-10-23 15:09:11 ~ IP : ::1 ----------
REQUEST URI : /eshop/admin/index.php?route=design/banner&token=k0pK3rMcSMeBFeKntfn9qLehrFsDc3RV
VQMod::_getMods - NO XML FILES READABLE IN XML FOLDER
----------------------------------------------------------------------


---------- Date: 2015-10-23 15:09:18 ~ IP : ::1 ----------
REQUEST URI : /eshop/admin/index.php?route=design/banner/edit&token=k0pK3rMcSMeBFeKntfn9qLehrFsDc3RV&banner_id=8
VQMod::_getMods - NO XML FILES READABLE IN XML FOLDER
----------------------------------------------------------------------


---------- Date: 2015-10-23 15:09:25 ~ IP : ::1 ----------
REQUEST URI : /eshop/admin/index.php?route=design/layout&token=k0pK3rMcSMeBFeKntfn9qLehrFsDc3RV
VQMod::_getMods - NO XML FILES READABLE IN XML FOLDER
----------------------------------------------------------------------


---------- Date: 2015-10-23 15:09:34 ~ IP : ::1 ----------
REQUEST URI : /eshop/admin/index.php?route=design/layout/edit&token=k0pK3rMcSMeBFeKntfn9qLehrFsDc3RV&layout_id=4
VQMod::_getMods - NO XML FILES READABLE IN XML FOLDER
----------------------------------------------------------------------


---------- Date: 2015-10-23 15:09:37 ~ IP : ::1 ----------
REQUEST URI : /eshop/admin/index.php?route=design/layout&token=k0pK3rMcSMeBFeKntfn9qLehrFsDc3RV
VQMod::_getMods - NO XML FILES READABLE IN XML FOLDER
----------------------------------------------------------------------


---------- Date: 2015-10-23 15:09:43 ~ IP : ::1 ----------
REQUEST URI : /eshop/admin/index.php?route=design/layout/edit&token=k0pK3rMcSMeBFeKntfn9qLehrFsDc3RV&layout_id=1
VQMod::_getMods - NO XML FILES READABLE IN XML FOLDER
----------------------------------------------------------------------


---------- Date: 2015-10-23 15:10:11 ~ IP : ::1 ----------
REQUEST URI : /eshop/admin/index.php?route=design/layout/edit&token=k0pK3rMcSMeBFeKntfn9qLehrFsDc3RV&layout_id=1
VQMod::_getMods - NO XML FILES READABLE IN XML FOLDER
----------------------------------------------------------------------


---------- Date: 2015-10-23 15:10:11 ~ IP : ::1 ----------
REQUEST URI : /eshop/admin/index.php?route=design/layout&token=k0pK3rMcSMeBFeKntfn9qLehrFsDc3RV
VQMod::_getMods - NO XML FILES READABLE IN XML FOLDER
----------------------------------------------------------------------


---------- Date: 2015-10-23 15:10:15 ~ IP : ::1 ----------
REQUEST URI : /eshop/
VQMod::_getMods - NO XML FILES READABLE IN XML FOLDER
----------------------------------------------------------------------


---------- Date: 2015-10-23 15:10:36 ~ IP : ::1 ----------
REQUEST URI : /eshop/admin/index.php?route=design/banner&token=k0pK3rMcSMeBFeKntfn9qLehrFsDc3RV
VQMod::_getMods - NO XML FILES READABLE IN XML FOLDER
----------------------------------------------------------------------


---------- Date: 2015-10-23 15:10:42 ~ IP : ::1 ----------
REQUEST URI : /eshop/admin/index.php?route=design/layout&token=k0pK3rMcSMeBFeKntfn9qLehrFsDc3RV
VQMod::_getMods - NO XML FILES READABLE IN XML FOLDER
----------------------------------------------------------------------


---------- Date: 2015-10-23 15:10:54 ~ IP : ::1 ----------
REQUEST URI : /eshop/admin/index.php?route=design/layout/edit&token=k0pK3rMcSMeBFeKntfn9qLehrFsDc3RV&layout_id=5
VQMod::_getMods - NO XML FILES READABLE IN XML FOLDER
----------------------------------------------------------------------


---------- Date: 2015-10-23 15:11:11 ~ IP : ::1 ----------
REQUEST URI : /eshop/admin/index.php?route=design/banner&token=k0pK3rMcSMeBFeKntfn9qLehrFsDc3RV
VQMod::_getMods - NO XML FILES READABLE IN XML FOLDER
----------------------------------------------------------------------


---------- Date: 2015-10-23 15:11:17 ~ IP : ::1 ----------
REQUEST URI : /eshop/admin/index.php?route=design/layout&token=k0pK3rMcSMeBFeKntfn9qLehrFsDc3RV
VQMod::_getMods - NO XML FILES READABLE IN XML FOLDER
----------------------------------------------------------------------


---------- Date: 2015-10-23 15:11:21 ~ IP : ::1 ----------
REQUEST URI : /eshop/admin/index.php?route=design/layout/edit&token=k0pK3rMcSMeBFeKntfn9qLehrFsDc3RV&layout_id=5
VQMod::_getMods - NO XML FILES READABLE IN XML FOLDER
----------------------------------------------------------------------


---------- Date: 2015-10-23 15:11:52 ~ IP : ::1 ----------
REQUEST URI : /eshop/admin/index.php?route=design/layout&token=k0pK3rMcSMeBFeKntfn9qLehrFsDc3RV
VQMod::_getMods - NO XML FILES READABLE IN XML FOLDER
----------------------------------------------------------------------


---------- Date: 2015-10-23 15:11:57 ~ IP : ::1 ----------
REQUEST URI : /eshop/admin/index.php?route=design/layout/edit&token=k0pK3rMcSMeBFeKntfn9qLehrFsDc3RV&layout_id=5
VQMod::_getMods - NO XML FILES READABLE IN XML FOLDER
----------------------------------------------------------------------


---------- Date: 2015-10-23 15:12:14 ~ IP : ::1 ----------
REQUEST URI : /eshop/admin/index.php?route=design/layout/edit&token=k0pK3rMcSMeBFeKntfn9qLehrFsDc3RV&layout_id=5
VQMod::_getMods - NO XML FILES READABLE IN XML FOLDER
----------------------------------------------------------------------


---------- Date: 2015-10-23 15:12:14 ~ IP : ::1 ----------
REQUEST URI : /eshop/admin/index.php?route=design/layout&token=k0pK3rMcSMeBFeKntfn9qLehrFsDc3RV
VQMod::_getMods - NO XML FILES READABLE IN XML FOLDER
----------------------------------------------------------------------


---------- Date: 2015-10-23 15:12:19 ~ IP : ::1 ----------
REQUEST URI : /eshop/
VQMod::_getMods - NO XML FILES READABLE IN XML FOLDER
----------------------------------------------------------------------


---------- Date: 2015-10-23 15:12:34 ~ IP : ::1 ----------
REQUEST URI : /eshop/admin/index.php?route=design/layout/edit&token=k0pK3rMcSMeBFeKntfn9qLehrFsDc3RV&layout_id=5
VQMod::_getMods - NO XML FILES READABLE IN XML FOLDER
----------------------------------------------------------------------


---------- Date: 2015-10-23 15:12:42 ~ IP : ::1 ----------
REQUEST URI : /eshop/admin/index.php?route=design/layout/edit&token=k0pK3rMcSMeBFeKntfn9qLehrFsDc3RV&layout_id=5
VQMod::_getMods - NO XML FILES READABLE IN XML FOLDER
----------------------------------------------------------------------


---------- Date: 2015-10-23 15:12:42 ~ IP : ::1 ----------
REQUEST URI : /eshop/admin/index.php?route=design/layout&token=k0pK3rMcSMeBFeKntfn9qLehrFsDc3RV
VQMod::_getMods - NO XML FILES READABLE IN XML FOLDER
----------------------------------------------------------------------


---------- Date: 2015-10-23 15:12:49 ~ IP : ::1 ----------
REQUEST URI : /eshop/admin/index.php?route=design/layout/edit&token=k0pK3rMcSMeBFeKntfn9qLehrFsDc3RV&layout_id=2
VQMod::_getMods - NO XML FILES READABLE IN XML FOLDER
----------------------------------------------------------------------


---------- Date: 2015-10-23 15:12:54 ~ IP : ::1 ----------
REQUEST URI : /eshop/admin/index.php?route=design/layout&token=k0pK3rMcSMeBFeKntfn9qLehrFsDc3RV
VQMod::_getMods - NO XML FILES READABLE IN XML FOLDER
----------------------------------------------------------------------


---------- Date: 2015-10-23 15:12:56 ~ IP : ::1 ----------
REQUEST URI : /eshop/admin/index.php?route=design/layout/edit&token=k0pK3rMcSMeBFeKntfn9qLehrFsDc3RV&layout_id=2
VQMod::_getMods - NO XML FILES READABLE IN XML FOLDER
----------------------------------------------------------------------


---------- Date: 2015-10-23 15:12:58 ~ IP : ::1 ----------
REQUEST URI : /eshop/admin/index.php?route=design/layout&token=k0pK3rMcSMeBFeKntfn9qLehrFsDc3RV
VQMod::_getMods - NO XML FILES READABLE IN XML FOLDER
----------------------------------------------------------------------


---------- Date: 2015-10-23 15:13:01 ~ IP : ::1 ----------
REQUEST URI : /eshop/admin/index.php?route=design/layout/add&token=k0pK3rMcSMeBFeKntfn9qLehrFsDc3RV
VQMod::_getMods - NO XML FILES READABLE IN XML FOLDER
----------------------------------------------------------------------


---------- Date: 2015-10-23 15:13:19 ~ IP : ::1 ----------
REQUEST URI : /eshop/admin/index.php?route=design/layout/add&token=k0pK3rMcSMeBFeKntfn9qLehrFsDc3RV
VQMod::_getMods - NO XML FILES READABLE IN XML FOLDER
----------------------------------------------------------------------


---------- Date: 2015-10-23 15:13:19 ~ IP : ::1 ----------
REQUEST URI : /eshop/admin/index.php?route=design/layout&token=k0pK3rMcSMeBFeKntfn9qLehrFsDc3RV
VQMod::_getMods - NO XML FILES READABLE IN XML FOLDER
----------------------------------------------------------------------


---------- Date: 2015-10-23 15:13:26 ~ IP : ::1 ----------
REQUEST URI : /eshop/admin/index.php?route=design/layout/edit&token=k0pK3rMcSMeBFeKntfn9qLehrFsDc3RV&layout_id=1
VQMod::_getMods - NO XML FILES READABLE IN XML FOLDER
----------------------------------------------------------------------


---------- Date: 2015-10-23 15:14:08 ~ IP : ::1 ----------
REQUEST URI : /eshop/admin/index.php?route=design/layout&token=k0pK3rMcSMeBFeKntfn9qLehrFsDc3RV
VQMod::_getMods - NO XML FILES READABLE IN XML FOLDER
----------------------------------------------------------------------


---------- Date: 2015-10-23 15:14:15 ~ IP : ::1 ----------
REQUEST URI : /eshop/admin/index.php?route=design/layout/edit&token=k0pK3rMcSMeBFeKntfn9qLehrFsDc3RV&layout_id=14
VQMod::_getMods - NO XML FILES READABLE IN XML FOLDER
----------------------------------------------------------------------


---------- Date: 2015-10-23 15:14:19 ~ IP : ::1 ----------
REQUEST URI : /eshop/admin/index.php?route=design/layout&token=k0pK3rMcSMeBFeKntfn9qLehrFsDc3RV
VQMod::_getMods - NO XML FILES READABLE IN XML FOLDER
----------------------------------------------------------------------


---------- Date: 2015-10-23 15:14:24 ~ IP : ::1 ----------
REQUEST URI : /eshop/admin/index.php?route=design/layout/edit&token=k0pK3rMcSMeBFeKntfn9qLehrFsDc3RV&layout_id=1
VQMod::_getMods - NO XML FILES READABLE IN XML FOLDER
----------------------------------------------------------------------


---------- Date: 2015-10-23 15:14:49 ~ IP : ::1 ----------
REQUEST URI : /eshop/admin/index.php?route=design/layout/edit&token=k0pK3rMcSMeBFeKntfn9qLehrFsDc3RV&layout_id=1
VQMod::_getMods - NO XML FILES READABLE IN XML FOLDER
----------------------------------------------------------------------


---------- Date: 2015-10-23 15:14:49 ~ IP : ::1 ----------
REQUEST URI : /eshop/admin/index.php?route=design/layout&token=k0pK3rMcSMeBFeKntfn9qLehrFsDc3RV
VQMod::_getMods - NO XML FILES READABLE IN XML FOLDER
----------------------------------------------------------------------


---------- Date: 2015-10-23 15:14:53 ~ IP : ::1 ----------
REQUEST URI : /eshop/
VQMod::_getMods - NO XML FILES READABLE IN XML FOLDER
----------------------------------------------------------------------


---------- Date: 2015-10-23 15:15:10 ~ IP : ::1 ----------
REQUEST URI : /eshop/admin/index.php?route=design/layout/edit&token=k0pK3rMcSMeBFeKntfn9qLehrFsDc3RV&layout_id=4
VQMod::_getMods - NO XML FILES READABLE IN XML FOLDER
----------------------------------------------------------------------


---------- Date: 2015-10-23 15:15:13 ~ IP : ::1 ----------
REQUEST URI : /eshop/admin/index.php?route=design/layout&token=k0pK3rMcSMeBFeKntfn9qLehrFsDc3RV
VQMod::_getMods - NO XML FILES READABLE IN XML FOLDER
----------------------------------------------------------------------


---------- Date: 2015-10-23 15:15:17 ~ IP : ::1 ----------
REQUEST URI : /eshop/admin/index.php?route=design/layout/edit&token=k0pK3rMcSMeBFeKntfn9qLehrFsDc3RV&layout_id=5
VQMod::_getMods - NO XML FILES READABLE IN XML FOLDER
----------------------------------------------------------------------


---------- Date: 2015-10-23 15:15:25 ~ IP : ::1 ----------
REQUEST URI : /eshop/admin/index.php?route=design/banner&token=k0pK3rMcSMeBFeKntfn9qLehrFsDc3RV
VQMod::_getMods - NO XML FILES READABLE IN XML FOLDER
----------------------------------------------------------------------


---------- Date: 2015-10-23 15:15:33 ~ IP : ::1 ----------
REQUEST URI : /eshop/admin/index.php?route=design/layout&token=k0pK3rMcSMeBFeKntfn9qLehrFsDc3RV
VQMod::_getMods - NO XML FILES READABLE IN XML FOLDER
----------------------------------------------------------------------


---------- Date: 2015-10-23 15:15:36 ~ IP : ::1 ----------
REQUEST URI : /eshop/admin/index.php?route=design/layout/edit&token=k0pK3rMcSMeBFeKntfn9qLehrFsDc3RV&layout_id=1
VQMod::_getMods - NO XML FILES READABLE IN XML FOLDER
----------------------------------------------------------------------


---------- Date: 2015-10-23 15:16:21 ~ IP : ::1 ----------
REQUEST URI : /eshop/admin/index.php?route=extension/module&token=k0pK3rMcSMeBFeKntfn9qLehrFsDc3RV
VQMod::_getMods - NO XML FILES READABLE IN XML FOLDER
----------------------------------------------------------------------


---------- Date: 2015-10-23 15:16:29 ~ IP : ::1 ----------
REQUEST URI : /eshop/admin/index.php?route=module/carousel&token=k0pK3rMcSMeBFeKntfn9qLehrFsDc3RV&module_id=29
VQMod::_getMods - NO XML FILES READABLE IN XML FOLDER
----------------------------------------------------------------------


---------- Date: 2015-10-23 15:16:37 ~ IP : ::1 ----------
REQUEST URI : /eshop/admin/index.php?route=extension/module&token=k0pK3rMcSMeBFeKntfn9qLehrFsDc3RV
VQMod::_getMods - NO XML FILES READABLE IN XML FOLDER
----------------------------------------------------------------------


---------- Date: 2015-10-23 15:16:50 ~ IP : ::1 ----------
REQUEST URI : /eshop/admin/index.php?route=module/banner&token=k0pK3rMcSMeBFeKntfn9qLehrFsDc3RV&module_id=31
VQMod::_getMods - NO XML FILES READABLE IN XML FOLDER
----------------------------------------------------------------------


---------- Date: 2015-10-23 15:16:53 ~ IP : ::1 ----------
REQUEST URI : /eshop/admin/index.php?route=extension/module&token=k0pK3rMcSMeBFeKntfn9qLehrFsDc3RV
VQMod::_getMods - NO XML FILES READABLE IN XML FOLDER
----------------------------------------------------------------------


---------- Date: 2015-10-23 15:17:04 ~ IP : ::1 ----------
REQUEST URI : /eshop/admin/index.php?route=module/carousel&token=k0pK3rMcSMeBFeKntfn9qLehrFsDc3RV
VQMod::_getMods - NO XML FILES READABLE IN XML FOLDER
----------------------------------------------------------------------


---------- Date: 2015-10-23 15:17:14 ~ IP : ::1 ----------
REQUEST URI : /eshop/admin/index.php?route=module/carousel&token=k0pK3rMcSMeBFeKntfn9qLehrFsDc3RV
VQMod::_getMods - NO XML FILES READABLE IN XML FOLDER
----------------------------------------------------------------------


---------- Date: 2015-10-23 15:17:23 ~ IP : ::1 ----------
REQUEST URI : /eshop/admin/index.php?route=module/carousel&token=k0pK3rMcSMeBFeKntfn9qLehrFsDc3RV
VQMod::_getMods - NO XML FILES READABLE IN XML FOLDER
----------------------------------------------------------------------


---------- Date: 2015-10-23 15:17:23 ~ IP : ::1 ----------
REQUEST URI : /eshop/admin/index.php?route=extension/module&token=k0pK3rMcSMeBFeKntfn9qLehrFsDc3RV
VQMod::_getMods - NO XML FILES READABLE IN XML FOLDER
----------------------------------------------------------------------


---------- Date: 2015-10-23 15:17:33 ~ IP : ::1 ----------
REQUEST URI : /eshop/admin/index.php?route=design/layout&token=k0pK3rMcSMeBFeKntfn9qLehrFsDc3RV
VQMod::_getMods - NO XML FILES READABLE IN XML FOLDER
----------------------------------------------------------------------


---------- Date: 2015-10-23 15:17:37 ~ IP : ::1 ----------
REQUEST URI : /eshop/admin/index.php?route=design/layout/edit&token=k0pK3rMcSMeBFeKntfn9qLehrFsDc3RV&layout_id=1
VQMod::_getMods - NO XML FILES READABLE IN XML FOLDER
----------------------------------------------------------------------


---------- Date: 2015-10-23 15:17:43 ~ IP : ::1 ----------
REQUEST URI : /eshop/admin/index.php?route=design/layout/edit&token=k0pK3rMcSMeBFeKntfn9qLehrFsDc3RV&layout_id=1
VQMod::_getMods - NO XML FILES READABLE IN XML FOLDER
----------------------------------------------------------------------


---------- Date: 2015-10-23 15:17:43 ~ IP : ::1 ----------
REQUEST URI : /eshop/admin/index.php?route=design/layout&token=k0pK3rMcSMeBFeKntfn9qLehrFsDc3RV
VQMod::_getMods - NO XML FILES READABLE IN XML FOLDER
----------------------------------------------------------------------


---------- Date: 2015-10-23 15:17:46 ~ IP : ::1 ----------
REQUEST URI : /eshop/
VQMod::_getMods - NO XML FILES READABLE IN XML FOLDER
----------------------------------------------------------------------


---------- Date: 2015-10-23 15:18:19 ~ IP : ::1 ----------
REQUEST URI : /eshop/admin/index.php?route=design/layout/edit&token=k0pK3rMcSMeBFeKntfn9qLehrFsDc3RV&layout_id=1
VQMod::_getMods - NO XML FILES READABLE IN XML FOLDER
----------------------------------------------------------------------


---------- Date: 2015-10-23 15:18:29 ~ IP : ::1 ----------
REQUEST URI : /eshop/admin/index.php?route=design/layout/edit&token=k0pK3rMcSMeBFeKntfn9qLehrFsDc3RV&layout_id=1
VQMod::_getMods - NO XML FILES READABLE IN XML FOLDER
----------------------------------------------------------------------


---------- Date: 2015-10-23 15:18:29 ~ IP : ::1 ----------
REQUEST URI : /eshop/admin/index.php?route=design/layout&token=k0pK3rMcSMeBFeKntfn9qLehrFsDc3RV
VQMod::_getMods - NO XML FILES READABLE IN XML FOLDER
----------------------------------------------------------------------


---------- Date: 2015-10-23 15:18:39 ~ IP : ::1 ----------
REQUEST URI : /eshop/admin/index.php?route=design/layout/edit&token=k0pK3rMcSMeBFeKntfn9qLehrFsDc3RV&layout_id=1
VQMod::_getMods - NO XML FILES READABLE IN XML FOLDER
----------------------------------------------------------------------


---------- Date: 2015-10-23 15:18:58 ~ IP : ::1 ----------
REQUEST URI : /eshop/admin/index.php?route=design/layout/edit&token=k0pK3rMcSMeBFeKntfn9qLehrFsDc3RV&layout_id=1
VQMod::_getMods - NO XML FILES READABLE IN XML FOLDER
----------------------------------------------------------------------


---------- Date: 2015-10-23 15:18:58 ~ IP : ::1 ----------
REQUEST URI : /eshop/admin/index.php?route=design/layout&token=k0pK3rMcSMeBFeKntfn9qLehrFsDc3RV
VQMod::_getMods - NO XML FILES READABLE IN XML FOLDER
----------------------------------------------------------------------


---------- Date: 2015-10-23 15:19:02 ~ IP : ::1 ----------
REQUEST URI : /eshop/
VQMod::_getMods - NO XML FILES READABLE IN XML FOLDER
----------------------------------------------------------------------


---------- Date: 2015-10-23 15:20:08 ~ IP : ::1 ----------
REQUEST URI : /eshop/index.php?route=product/category&path=25_29
VQMod::_getMods - NO XML FILES READABLE IN XML FOLDER
----------------------------------------------------------------------


