2015-10-11 7:48:35 - PHP Notice:  Indirect modification of overloaded property ControllerApiCustomer::$session has no effect in /Applications/MAMP/htdocs/eshop/catalog/controller/api/customer.php on line 7
2015-10-11 7:48:35 - PHP Warning:  Attempt to modify property of non-object in /Applications/MAMP/htdocs/eshop/catalog/controller/api/customer.php on line 7
2015-10-11 7:49:03 - PHP Notice:  Indirect modification of overloaded property ControllerApiCustomer::$session has no effect in /Applications/MAMP/htdocs/eshop/catalog/controller/api/customer.php on line 7
2015-10-11 7:49:03 - PHP Warning:  Attempt to modify property of non-object in /Applications/MAMP/htdocs/eshop/catalog/controller/api/customer.php on line 7
2015-10-11 15:14:17 - PHP Warning:  imagecopyresampled() expects parameter 2 to be resource, null given in /Applications/MAMP/htdocs/eshop/system/library/image.php on line 118
2015-10-11 15:14:17 - PHP Warning:  imagedestroy() expects parameter 1 to be resource, null given in /Applications/MAMP/htdocs/eshop/system/library/image.php on line 119
2015-10-11 15:25:48 - PHP Warning:  imagecopyresampled() expects parameter 2 to be resource, null given in /Applications/MAMP/htdocs/eshop/system/library/image.php on line 118
2015-10-11 15:25:48 - PHP Warning:  imagedestroy() expects parameter 1 to be resource, null given in /Applications/MAMP/htdocs/eshop/system/library/image.php on line 119
2015-10-11 15:28:25 - PHP Warning:  imagecopyresampled() expects parameter 2 to be resource, null given in /Applications/MAMP/htdocs/eshop/system/library/image.php on line 118
2015-10-11 15:28:25 - PHP Warning:  imagedestroy() expects parameter 1 to be resource, null given in /Applications/MAMP/htdocs/eshop/system/library/image.php on line 119
2015-10-11 15:30:25 - PHP Warning:  imagecopyresampled() expects parameter 2 to be resource, null given in /Applications/MAMP/htdocs/eshop/system/library/image.php on line 118
2015-10-11 15:30:25 - PHP Warning:  imagedestroy() expects parameter 1 to be resource, null given in /Applications/MAMP/htdocs/eshop/system/library/image.php on line 119
2015-10-11 15:30:56 - PHP Warning:  imagecopyresampled() expects parameter 2 to be resource, null given in /Applications/MAMP/htdocs/eshop/system/library/image.php on line 118
2015-10-11 15:30:56 - PHP Warning:  imagedestroy() expects parameter 1 to be resource, null given in /Applications/MAMP/htdocs/eshop/system/library/image.php on line 119
2015-10-11 16:18:05 - PHP Warning:  imagecopyresampled() expects parameter 2 to be resource, null given in /Applications/MAMP/htdocs/eshop/system/library/image.php on line 118
2015-10-11 16:18:05 - PHP Warning:  imagedestroy() expects parameter 1 to be resource, null given in /Applications/MAMP/htdocs/eshop/system/library/image.php on line 119
2015-10-12 12:54:44 - PHP Notice:  Undefined index: sort_order in /Applications/MAMP/htdocs/eshop/admin/model/design/banner.php on line 37
2015-10-12 12:54:44 - PHP Warning:  Cannot modify header information - headers already sent by (output started at /Applications/MAMP/htdocs/eshop/admin/index.php:80) in /Applications/MAMP/htdocs/eshop/system/library/response.php on line 12
2015-10-12 12:57:11 - PHP Notice:  Undefined index: sort_order in /Applications/MAMP/htdocs/eshop/admin/model/design/banner.php on line 37
2015-10-12 12:57:11 - PHP Warning:  Cannot modify header information - headers already sent by (output started at /Applications/MAMP/htdocs/eshop/admin/index.php:80) in /Applications/MAMP/htdocs/eshop/system/library/response.php on line 12
2015-10-12 12:58:21 - PHP Notice:  Undefined index: sort_order in /Applications/MAMP/htdocs/eshop/admin/model/design/banner.php on line 37
2015-10-12 12:58:21 - PHP Warning:  Cannot modify header information - headers already sent by (output started at /Applications/MAMP/htdocs/eshop/admin/index.php:80) in /Applications/MAMP/htdocs/eshop/system/library/response.php on line 12
2015-10-12 13:01:25 - PHP Notice:  Undefined index: sort_order in /Applications/MAMP/htdocs/eshop/admin/model/design/banner.php on line 37
2015-10-12 13:01:25 - PHP Warning:  Cannot modify header information - headers already sent by (output started at /Applications/MAMP/htdocs/eshop/admin/index.php:80) in /Applications/MAMP/htdocs/eshop/system/library/response.php on line 12
2015-10-12 13:24:13 - PHP Notice:  Undefined index: sort_order in /Applications/MAMP/htdocs/eshop/admin/model/design/banner.php on line 37
2015-10-12 13:24:13 - PHP Notice:  Undefined index: sort_order in /Applications/MAMP/htdocs/eshop/admin/model/design/banner.php on line 37
2015-10-12 13:24:13 - PHP Notice:  Undefined index: sort_order in /Applications/MAMP/htdocs/eshop/admin/model/design/banner.php on line 37
2015-10-12 13:24:13 - PHP Warning:  Cannot modify header information - headers already sent by (output started at /Applications/MAMP/htdocs/eshop/admin/index.php:80) in /Applications/MAMP/htdocs/eshop/system/library/response.php on line 12
2015-10-14 15:10:30 - PHP Warning:  imagecopyresampled() expects parameter 2 to be resource, null given in /Applications/MAMP/htdocs/eshop/system/library/image.php on line 118
2015-10-14 15:10:30 - PHP Warning:  imagedestroy() expects parameter 1 to be resource, null given in /Applications/MAMP/htdocs/eshop/system/library/image.php on line 119
2015-10-15 9:41:51 - PHP Warning:  fsockopen(): unable to connect to smtp.gmail.com:25 (Operation timed out) in /Applications/MAMP/htdocs/eshop/system/library/mail.php on line 170
2015-10-15 9:41:51 - PHP Notice:  Error: Operation timed out (60) in /Applications/MAMP/htdocs/eshop/system/library/mail.php on line 173
2015-10-23 15:04:54 - PHP Notice:  Undefined index: sort_order in /Applications/MAMP/htdocs/eshop/admin/model/design/banner.php on line 12
2015-10-23 15:04:54 - PHP Notice:  Undefined index: sort_order in /Applications/MAMP/htdocs/eshop/admin/model/design/banner.php on line 12
2015-10-23 15:04:54 - PHP Warning:  Cannot modify header information - headers already sent by (output started at /Applications/MAMP/htdocs/eshop/admin/index.php:86) in /Applications/MAMP/htdocs/eshop/system/library/response.php on line 12
